{"C:\\Users\\agraw\\OneDrive\\Desktop\\Hospital\\hospital-backend\\src\\app.js": {"path":"C:\\Users\\agraw\\OneDrive\\Desktop\\Hospital\\hospital-backend\\src\\app.js","statementMap":{"0":{"start":{"line":1,"column":16},"end":{"line":1,"column":34}},"1":{"start":{"line":3,"column":12},"end":{"line":3,"column":21}},"2":{"start":{"line":4,"column":0},"end":{"line":4,"column":24}},"3":{"start":{"line":6,"column":11},"end":{"line":6,"column":33}},"4":{"start":{"line":7,"column":21},"end":{"line":7,"column":53}},"5":{"start":{"line":9,"column":13},"end":{"line":9,"column":28}},"6":{"start":{"line":11,"column":19},"end":{"line":11,"column":49}},"7":{"start":{"line":13,"column":26},"end":{"line":13,"column":63}},"8":{"start":{"line":15,"column":0},"end":{"line":15,"column":48}},"9":{"start":{"line":17,"column":0},"end":{"line":17,"column":33}},"10":{"start":{"line":19,"column":0},"end":{"line":19,"column":72}},"11":{"start":{"line":21,"column":0},"end":{"line":23,"column":3}},"12":{"start":{"line":22,"column":2},"end":{"line":22,"column":35}},"13":{"start":{"line":24,"column":0},"end":{"line":24,"column":38}},"14":{"start":{"line":26,"column":0},"end":{"line":33,"column":3}},"15":{"start":{"line":27,"column":2},"end":{"line":32,"column":3}},"16":{"start":{"line":28,"column":19},"end":{"line":28,"column":45}},"17":{"start":{"line":29,"column":4},"end":{"line":29,"column":54}},"18":{"start":{"line":31,"column":4},"end":{"line":31,"column":51}},"19":{"start":{"line":35,"column":21},"end":{"line":35,"column":60}},"20":{"start":{"line":37,"column":0},"end":{"line":37,"column":22}},"21":{"start":{"line":39,"column":0},"end":{"line":39,"column":21}}},"fnMap":{"0":{"name":"(anonymous_0)","decl":{"start":{"line":21,"column":13},"end":{"line":21,"column":14}},"loc":{"start":{"line":21,"column":27},"end":{"line":23,"column":1}},"line":21},"1":{"name":"(anonymous_1)","decl":{"start":{"line":26,"column":20},"end":{"line":26,"column":21}},"loc":{"start":{"line":26,"column":40},"end":{"line":33,"column":1}},"line":26}},"branchMap":{},"s":{"0":3,"1":3,"2":3,"3":3,"4":3,"5":3,"6":3,"7":3,"8":3,"9":3,"10":3,"11":3,"12":1,"13":3,"14":3,"15":1,"16":1,"17":0,"18":1,"19":3,"20":3,"21":3},"f":{"0":1,"1":1},"b":{},"_coverageSchema":"1a1c01bbd47fc00a2c39e90264f33305004495a9","hash":"8f93f3fc6cb07766ad185e3a463461b41100ed91"}
,"C:\\Users\\agraw\\OneDrive\\Desktop\\Hospital\\hospital-backend\\src\\controllers\\appointmentController.js": {"path":"C:\\Users\\agraw\\OneDrive\\Desktop\\Hospital\\hospital-backend\\src\\controllers\\appointmentController.js","statementMap":{"0":{"start":{"line":1,"column":11},"end":{"line":1,"column":34}},"1":{"start":{"line":2,"column":21},"end":{"line":2,"column":53}},"2":{"start":{"line":3,"column":21},"end":{"line":3,"column":54}},"3":{"start":{"line":4,"column":25},"end":{"line":4,"column":62}},"4":{"start":{"line":5,"column":20},"end":{"line":5,"column":52}},"5":{"start":{"line":8,"column":0},"end":{"line":50,"column":3}},"6":{"start":{"line":9,"column":60},"end":{"line":9,"column":68}},"7":{"start":{"line":11,"column":2},"end":{"line":15,"column":3}},"8":{"start":{"line":12,"column":18},"end":{"line":12,"column":54}},"9":{"start":{"line":13,"column":4},"end":{"line":13,"column":27}},"10":{"start":{"line":14,"column":4},"end":{"line":14,"column":16}},"11":{"start":{"line":17,"column":21},"end":{"line":17,"column":45}},"12":{"start":{"line":19,"column":2},"end":{"line":49,"column":3}},"13":{"start":{"line":20,"column":4},"end":{"line":20,"column":40}},"14":{"start":{"line":22,"column":22},"end":{"line":22,"column":79}},"15":{"start":{"line":24,"column":26},"end":{"line":29,"column":5}},"16":{"start":{"line":31,"column":4},"end":{"line":31,"column":30}},"17":{"start":{"line":33,"column":4},"end":{"line":37,"column":7}},"18":{"start":{"line":39,"column":4},"end":{"line":39,"column":32}},"19":{"start":{"line":40,"column":4},"end":{"line":45,"column":5}},"20":{"start":{"line":41,"column":6},"end":{"line":44,"column":9}},"21":{"start":{"line":46,"column":4},"end":{"line":46,"column":16}},"22":{"start":{"line":48,"column":4},"end":{"line":48,"column":25}},"23":{"start":{"line":52,"column":0},"end":{"line":93,"column":3}},"24":{"start":{"line":53,"column":17},"end":{"line":53,"column":27}},"25":{"start":{"line":54,"column":21},"end":{"line":54,"column":29}},"26":{"start":{"line":56,"column":2},"end":{"line":61,"column":3}},"27":{"start":{"line":57,"column":4},"end":{"line":60,"column":7}},"28":{"start":{"line":63,"column":17},"end":{"line":66,"column":3}},"29":{"start":{"line":68,"column":2},"end":{"line":73,"column":3}},"30":{"start":{"line":69,"column":4},"end":{"line":72,"column":7}},"31":{"start":{"line":75,"column":24},"end":{"line":75,"column":38}},"32":{"start":{"line":77,"column":2},"end":{"line":82,"column":3}},"33":{"start":{"line":78,"column":4},"end":{"line":81,"column":7}},"34":{"start":{"line":84,"column":2},"end":{"line":87,"column":5}},"35":{"start":{"line":89,"column":2},"end":{"line":92,"column":5}},"36":{"start":{"line":95,"column":0},"end":{"line":148,"column":3}},"37":{"start":{"line":98,"column":0},"end":{"line":119,"column":1}},"38":{"start":{"line":100,"column":15},"end":{"line":111,"column":1}},"39":{"start":{"line":113,"column":0},"end":{"line":117,"column":3}},"40":{"start":{"line":122,"column":0},"end":{"line":142,"column":1}},"41":{"start":{"line":124,"column":15},"end":{"line":124,"column":58}},"42":{"start":{"line":126,"column":0},"end":{"line":131,"column":1}},"43":{"start":{"line":127,"column":2},"end":{"line":130,"column":5}},"44":{"start":{"line":134,"column":2},"end":{"line":134,"column":62}},"45":{"start":{"line":136,"column":0},"end":{"line":140,"column":3}},"46":{"start":{"line":144,"column":0},"end":{"line":147,"column":3}}},"fnMap":{"0":{"name":"(anonymous_0)","decl":{"start":{"line":8,"column":39},"end":{"line":8,"column":40}},"loc":{"start":{"line":8,"column":59},"end":{"line":50,"column":1}},"line":8},"1":{"name":"(anonymous_1)","decl":{"start":{"line":52,"column":47},"end":{"line":52,"column":48}},"loc":{"start":{"line":52,"column":67},"end":{"line":93,"column":1}},"line":52},"2":{"name":"(anonymous_2)","decl":{"start":{"line":95,"column":41},"end":{"line":95,"column":42}},"loc":{"start":{"line":95,"column":61},"end":{"line":148,"column":1}},"line":95}},"branchMap":{"0":{"loc":{"start":{"line":11,"column":2},"end":{"line":15,"column":3}},"type":"if","locations":[{"start":{"line":11,"column":2},"end":{"line":15,"column":3}},{"start":{},"end":{}}],"line":11},"1":{"loc":{"start":{"line":11,"column":6},"end":{"line":11,"column":44}},"type":"binary-expr","locations":[{"start":{"line":11,"column":6},"end":{"line":11,"column":15}},{"start":{"line":11,"column":19},"end":{"line":11,"column":24}},{"start":{"line":11,"column":28},"end":{"line":11,"column":44}}],"line":11},"2":{"loc":{"start":{"line":40,"column":4},"end":{"line":45,"column":5}},"type":"if","locations":[{"start":{"line":40,"column":4},"end":{"line":45,"column":5}},{"start":{},"end":{}}],"line":40},"3":{"loc":{"start":{"line":56,"column":2},"end":{"line":61,"column":3}},"type":"if","locations":[{"start":{"line":56,"column":2},"end":{"line":61,"column":3}},{"start":{},"end":{}}],"line":56},"4":{"loc":{"start":{"line":68,"column":2},"end":{"line":73,"column":3}},"type":"if","locations":[{"start":{"line":68,"column":2},"end":{"line":73,"column":3}},{"start":{},"end":{}}],"line":68},"5":{"loc":{"start":{"line":77,"column":2},"end":{"line":82,"column":3}},"type":"if","locations":[{"start":{"line":77,"column":2},"end":{"line":82,"column":3}},{"start":{},"end":{}}],"line":77},"6":{"loc":{"start":{"line":98,"column":0},"end":{"line":119,"column":1}},"type":"if","locations":[{"start":{"line":98,"column":0},"end":{"line":119,"column":1}},{"start":{},"end":{}}],"line":98},"7":{"loc":{"start":{"line":98,"column":4},"end":{"line":98,"column":58}},"type":"binary-expr","locations":[{"start":{"line":98,"column":4},"end":{"line":98,"column":29}},{"start":{"line":98,"column":33},"end":{"line":98,"column":58}}],"line":98},"8":{"loc":{"start":{"line":122,"column":0},"end":{"line":142,"column":1}},"type":"if","locations":[{"start":{"line":122,"column":0},"end":{"line":142,"column":1}},{"start":{},"end":{}}],"line":122},"9":{"loc":{"start":{"line":126,"column":0},"end":{"line":131,"column":1}},"type":"if","locations":[{"start":{"line":126,"column":0},"end":{"line":131,"column":1}},{"start":{},"end":{}}],"line":126}},"s":{"0":3,"1":3,"2":3,"3":3,"4":3,"5":3,"6":0,"7":0,"8":0,"9":0,"10":0,"11":0,"12":0,"13":0,"14":0,"15":0,"16":0,"17":0,"18":0,"19":0,"20":0,"21":0,"22":0,"23":3,"24":0,"25":0,"26":0,"27":0,"28":0,"29":0,"30":0,"31":0,"32":0,"33":0,"34":0,"35":0,"36":3,"37":0,"38":0,"39":0,"40":0,"41":0,"42":0,"43":0,"44":0,"45":0,"46":0},"f":{"0":0,"1":0,"2":0},"b":{"0":[0,0],"1":[0,0,0],"2":[0,0],"3":[0,0],"4":[0,0],"5":[0,0],"6":[0,0],"7":[0,0],"8":[0,0],"9":[0,0]},"_coverageSchema":"1a1c01bbd47fc00a2c39e90264f33305004495a9","hash":"0fc7717ed3b6562ba067c4ed7eb520dd259b06bb"}
,"C:\\Users\\agraw\\OneDrive\\Desktop\\Hospital\\hospital-backend\\src\\controllers\\authController.js": {"path":"C:\\Users\\agraw\\OneDrive\\Desktop\\Hospital\\hospital-backend\\src\\controllers\\authController.js","statementMap":{"0":{"start":{"line":1,"column":15},"end":{"line":1,"column":34}},"1":{"start":{"line":2,"column":12},"end":{"line":2,"column":35}},"2":{"start":{"line":3,"column":18},"end":{"line":3,"column":48}},"3":{"start":{"line":4,"column":21},"end":{"line":4,"column":53}},"4":{"start":{"line":6,"column":22},"end":{"line":10,"column":1}},"5":{"start":{"line":7,"column":2},"end":{"line":9,"column":5}},"6":{"start":{"line":13,"column":0},"end":{"line":43,"column":3}},"7":{"start":{"line":14,"column":42},"end":{"line":14,"column":50}},"8":{"start":{"line":16,"column":2},"end":{"line":20,"column":3}},"9":{"start":{"line":17,"column":18},"end":{"line":17,"column":54}},"10":{"start":{"line":18,"column":4},"end":{"line":18,"column":27}},"11":{"start":{"line":19,"column":4},"end":{"line":19,"column":16}},"12":{"start":{"line":22,"column":23},"end":{"line":22,"column":57}},"13":{"start":{"line":23,"column":2},"end":{"line":27,"column":3}},"14":{"start":{"line":24,"column":18},"end":{"line":24,"column":55}},"15":{"start":{"line":25,"column":4},"end":{"line":25,"column":27}},"16":{"start":{"line":26,"column":4},"end":{"line":26,"column":16}},"17":{"start":{"line":29,"column":25},"end":{"line":29,"column":56}},"18":{"start":{"line":31,"column":17},"end":{"line":36,"column":3}},"19":{"start":{"line":38,"column":2},"end":{"line":42,"column":5}},"20":{"start":{"line":46,"column":0},"end":{"line":67,"column":3}},"21":{"start":{"line":47,"column":30},"end":{"line":47,"column":38}},"22":{"start":{"line":49,"column":15},"end":{"line":49,"column":49}},"23":{"start":{"line":50,"column":2},"end":{"line":54,"column":3}},"24":{"start":{"line":51,"column":18},"end":{"line":51,"column":50}},"25":{"start":{"line":52,"column":4},"end":{"line":52,"column":27}},"26":{"start":{"line":53,"column":4},"end":{"line":53,"column":16}},"27":{"start":{"line":56,"column":18},"end":{"line":56,"column":63}},"28":{"start":{"line":57,"column":2},"end":{"line":61,"column":3}},"29":{"start":{"line":58,"column":18},"end":{"line":58,"column":50}},"30":{"start":{"line":59,"column":4},"end":{"line":59,"column":27}},"31":{"start":{"line":60,"column":4},"end":{"line":60,"column":16}},"32":{"start":{"line":63,"column":2},"end":{"line":66,"column":5}}},"fnMap":{"0":{"name":"(anonymous_0)","decl":{"start":{"line":6,"column":22},"end":{"line":6,"column":23}},"loc":{"start":{"line":6,"column":30},"end":{"line":10,"column":1}},"line":6},"1":{"name":"(anonymous_1)","decl":{"start":{"line":13,"column":32},"end":{"line":13,"column":33}},"loc":{"start":{"line":13,"column":52},"end":{"line":43,"column":1}},"line":13},"2":{"name":"(anonymous_2)","decl":{"start":{"line":46,"column":29},"end":{"line":46,"column":30}},"loc":{"start":{"line":46,"column":49},"end":{"line":67,"column":1}},"line":46}},"branchMap":{"0":{"loc":{"start":{"line":16,"column":2},"end":{"line":20,"column":3}},"type":"if","locations":[{"start":{"line":16,"column":2},"end":{"line":20,"column":3}},{"start":{},"end":{}}],"line":16},"1":{"loc":{"start":{"line":16,"column":6},"end":{"line":16,"column":34}},"type":"binary-expr","locations":[{"start":{"line":16,"column":6},"end":{"line":16,"column":11}},{"start":{"line":16,"column":15},"end":{"line":16,"column":21}},{"start":{"line":16,"column":25},"end":{"line":16,"column":34}}],"line":16},"2":{"loc":{"start":{"line":23,"column":2},"end":{"line":27,"column":3}},"type":"if","locations":[{"start":{"line":23,"column":2},"end":{"line":27,"column":3}},{"start":{},"end":{}}],"line":23},"3":{"loc":{"start":{"line":35,"column":4},"end":{"line":35,"column":19}},"type":"binary-expr","locations":[{"start":{"line":35,"column":4},"end":{"line":35,"column":8}},{"start":{"line":35,"column":12},"end":{"line":35,"column":19}}],"line":35},"4":{"loc":{"start":{"line":50,"column":2},"end":{"line":54,"column":3}},"type":"if","locations":[{"start":{"line":50,"column":2},"end":{"line":54,"column":3}},{"start":{},"end":{}}],"line":50},"5":{"loc":{"start":{"line":57,"column":2},"end":{"line":61,"column":3}},"type":"if","locations":[{"start":{"line":57,"column":2},"end":{"line":61,"column":3}},{"start":{},"end":{}}],"line":57}},"s":{"0":3,"1":3,"2":3,"3":3,"4":3,"5":0,"6":3,"7":2,"8":2,"9":1,"10":1,"11":1,"12":1,"13":0,"14":0,"15":0,"16":0,"17":0,"18":0,"19":0,"20":3,"21":2,"22":2,"23":0,"24":0,"25":0,"26":0,"27":0,"28":0,"29":0,"30":0,"31":0,"32":0},"f":{"0":0,"1":2,"2":2},"b":{"0":[1,1],"1":[2,2,1],"2":[0,0],"3":[0,0],"4":[0,0],"5":[0,0]},"_coverageSchema":"1a1c01bbd47fc00a2c39e90264f33305004495a9","hash":"b970f2b87443be7b75cfb7bf39065f4df032ed79"}
,"C:\\Users\\agraw\\OneDrive\\Desktop\\Hospital\\hospital-backend\\src\\controllers\\doctorController.js": {"path":"C:\\Users\\agraw\\OneDrive\\Desktop\\Hospital\\hospital-backend\\src\\controllers\\doctorController.js","statementMap":{"0":{"start":{"line":1,"column":20},"end":{"line":1,"column":52}},"1":{"start":{"line":2,"column":11},"end":{"line":2,"column":34}},"2":{"start":{"line":4,"column":21},"end":{"line":4,"column":53}},"3":{"start":{"line":6,"column":0},"end":{"line":52,"column":3}},"4":{"start":{"line":8,"column":47},"end":{"line":8,"column":55}},"5":{"start":{"line":10,"column":2},"end":{"line":14,"column":3}},"6":{"start":{"line":11,"column":18},"end":{"line":11,"column":54}},"7":{"start":{"line":12,"column":4},"end":{"line":12,"column":27}},"8":{"start":{"line":13,"column":4},"end":{"line":13,"column":16}},"9":{"start":{"line":16,"column":27},"end":{"line":16,"column":45}},"10":{"start":{"line":18,"column":2},"end":{"line":22,"column":3}},"11":{"start":{"line":19,"column":18},"end":{"line":19,"column":71}},"12":{"start":{"line":20,"column":4},"end":{"line":20,"column":27}},"13":{"start":{"line":21,"column":4},"end":{"line":21,"column":16}},"14":{"start":{"line":24,"column":20},"end":{"line":24,"column":51}},"15":{"start":{"line":36,"column":19},"end":{"line":41,"column":3}},"16":{"start":{"line":43,"column":2},"end":{"line":47,"column":5}},"17":{"start":{"line":64,"column":0},"end":{"line":122,"column":3}},"18":{"start":{"line":65,"column":56},"end":{"line":65,"column":65}},"19":{"start":{"line":67,"column":2},"end":{"line":67,"column":24}},"20":{"start":{"line":68,"column":2},"end":{"line":68,"column":26}},"21":{"start":{"line":70,"column":17},"end":{"line":70,"column":35}},"22":{"start":{"line":72,"column":18},"end":{"line":72,"column":42}},"23":{"start":{"line":73,"column":15},"end":{"line":73,"column":17}},"24":{"start":{"line":75,"column":2},"end":{"line":78,"column":3}},"25":{"start":{"line":76,"column":4},"end":{"line":76,"column":43}},"26":{"start":{"line":77,"column":4},"end":{"line":77,"column":32}},"27":{"start":{"line":80,"column":2},"end":{"line":83,"column":3}},"28":{"start":{"line":81,"column":4},"end":{"line":81,"column":36}},"29":{"start":{"line":82,"column":4},"end":{"line":82,"column":31}},"30":{"start":{"line":96,"column":15},"end":{"line":96,"column":74}},"31":{"start":{"line":97,"column":16},"end":{"line":97,"column":61}},"32":{"start":{"line":99,"column":22},"end":{"line":112,"column":4}},"33":{"start":{"line":100,"column":19},"end":{"line":100,"column":23}},"34":{"start":{"line":102,"column":4},"end":{"line":106,"column":5}},"35":{"start":{"line":103,"column":29},"end":{"line":103,"column":61}},"36":{"start":{"line":105,"column":6},"end":{"line":105,"column":74}},"37":{"start":{"line":108,"column":4},"end":{"line":111,"column":6}},"38":{"start":{"line":114,"column":2},"end":{"line":121,"column":5}},"39":{"start":{"line":124,"column":0},"end":{"line":144,"column":3}},"40":{"start":{"line":125,"column":17},"end":{"line":125,"column":58}},"41":{"start":{"line":127,"column":2},"end":{"line":131,"column":3}},"42":{"start":{"line":128,"column":18},"end":{"line":128,"column":47}},"43":{"start":{"line":129,"column":4},"end":{"line":129,"column":27}},"44":{"start":{"line":130,"column":4},"end":{"line":130,"column":16}},"45":{"start":{"line":133,"column":2},"end":{"line":138,"column":3}},"46":{"start":{"line":134,"column":27},"end":{"line":134,"column":59}},"47":{"start":{"line":135,"column":4},"end":{"line":135,"column":79}},"48":{"start":{"line":137,"column":4},"end":{"line":137,"column":27}},"49":{"start":{"line":140,"column":2},"end":{"line":143,"column":5}},"50":{"start":{"line":151,"column":0},"end":{"line":196,"column":3}},"51":{"start":{"line":153,"column":17},"end":{"line":153,"column":27}},"52":{"start":{"line":154,"column":47},"end":{"line":154,"column":55}},"53":{"start":{"line":163,"column":2},"end":{"line":168,"column":3}},"54":{"start":{"line":165,"column":18},"end":{"line":165,"column":54}},"55":{"start":{"line":166,"column":4},"end":{"line":166,"column":27}},"56":{"start":{"line":167,"column":4},"end":{"line":167,"column":16}},"57":{"start":{"line":170,"column":20},"end":{"line":172,"column":10}},"58":{"start":{"line":174,"column":23},"end":{"line":180,"column":3}},"59":{"start":{"line":182,"column":2},"end":{"line":187,"column":3}},"60":{"start":{"line":184,"column":18},"end":{"line":184,"column":47}},"61":{"start":{"line":185,"column":4},"end":{"line":185,"column":27}},"62":{"start":{"line":186,"column":4},"end":{"line":186,"column":16}},"63":{"start":{"line":191,"column":2},"end":{"line":191,"column":57}},"64":{"start":{"line":198,"column":0},"end":{"line":217,"column":3}},"65":{"start":{"line":200,"column":17},"end":{"line":200,"column":27}},"66":{"start":{"line":202,"column":23},"end":{"line":202,"column":51}},"67":{"start":{"line":204,"column":2},"end":{"line":209,"column":3}},"68":{"start":{"line":206,"column":18},"end":{"line":206,"column":47}},"69":{"start":{"line":207,"column":4},"end":{"line":207,"column":27}},"70":{"start":{"line":208,"column":4},"end":{"line":208,"column":16}},"71":{"start":{"line":211,"column":2},"end":{"line":211,"column":57}}},"fnMap":{"0":{"name":"(anonymous_0)","decl":{"start":{"line":6,"column":36},"end":{"line":6,"column":37}},"loc":{"start":{"line":6,"column":62},"end":{"line":52,"column":1}},"line":6},"1":{"name":"(anonymous_1)","decl":{"start":{"line":64,"column":34},"end":{"line":64,"column":35}},"loc":{"start":{"line":64,"column":54},"end":{"line":122,"column":1}},"line":64},"2":{"name":"(anonymous_2)","decl":{"start":{"line":99,"column":31},"end":{"line":99,"column":32}},"loc":{"start":{"line":99,"column":43},"end":{"line":112,"column":3}},"line":99},"3":{"name":"(anonymous_3)","decl":{"start":{"line":124,"column":37},"end":{"line":124,"column":38}},"loc":{"start":{"line":124,"column":57},"end":{"line":144,"column":1}},"line":124},"4":{"name":"(anonymous_4)","decl":{"start":{"line":151,"column":36},"end":{"line":151,"column":37}},"loc":{"start":{"line":151,"column":62},"end":{"line":196,"column":1}},"line":151},"5":{"name":"(anonymous_5)","decl":{"start":{"line":198,"column":36},"end":{"line":198,"column":37}},"loc":{"start":{"line":198,"column":62},"end":{"line":217,"column":1}},"line":198}},"branchMap":{"0":{"loc":{"start":{"line":10,"column":2},"end":{"line":14,"column":3}},"type":"if","locations":[{"start":{"line":10,"column":2},"end":{"line":14,"column":3}},{"start":{},"end":{}}],"line":10},"1":{"loc":{"start":{"line":10,"column":6},"end":{"line":10,"column":53}},"type":"binary-expr","locations":[{"start":{"line":10,"column":6},"end":{"line":10,"column":11}},{"start":{"line":10,"column":15},"end":{"line":10,"column":30}},{"start":{"line":10,"column":34},"end":{"line":10,"column":53}}],"line":10},"2":{"loc":{"start":{"line":18,"column":2},"end":{"line":22,"column":3}},"type":"if","locations":[{"start":{"line":18,"column":2},"end":{"line":22,"column":3}},{"start":{},"end":{}}],"line":18},"3":{"loc":{"start":{"line":18,"column":6},"end":{"line":18,"column":53}},"type":"binary-expr","locations":[{"start":{"line":18,"column":6},"end":{"line":18,"column":29}},{"start":{"line":18,"column":33},"end":{"line":18,"column":53}}],"line":18},"4":{"loc":{"start":{"line":24,"column":20},"end":{"line":24,"column":51}},"type":"cond-expr","locations":[{"start":{"line":24,"column":31},"end":{"line":24,"column":44}},{"start":{"line":24,"column":47},"end":{"line":24,"column":51}}],"line":24},"5":{"loc":{"start":{"line":65,"column":8},"end":{"line":65,"column":16}},"type":"default-arg","locations":[{"start":{"line":65,"column":15},"end":{"line":65,"column":16}}],"line":65},"6":{"loc":{"start":{"line":65,"column":18},"end":{"line":65,"column":27}},"type":"default-arg","locations":[{"start":{"line":65,"column":26},"end":{"line":65,"column":27}}],"line":65},"7":{"loc":{"start":{"line":75,"column":2},"end":{"line":78,"column":3}},"type":"if","locations":[{"start":{"line":75,"column":2},"end":{"line":78,"column":3}},{"start":{},"end":{}}],"line":75},"8":{"loc":{"start":{"line":80,"column":2},"end":{"line":83,"column":3}},"type":"if","locations":[{"start":{"line":80,"column":2},"end":{"line":83,"column":3}},{"start":{},"end":{}}],"line":80},"9":{"loc":{"start":{"line":102,"column":4},"end":{"line":106,"column":5}},"type":"if","locations":[{"start":{"line":102,"column":4},"end":{"line":106,"column":5}},{"start":{},"end":{}}],"line":102},"10":{"loc":{"start":{"line":127,"column":2},"end":{"line":131,"column":3}},"type":"if","locations":[{"start":{"line":127,"column":2},"end":{"line":131,"column":3}},{"start":{},"end":{}}],"line":127},"11":{"loc":{"start":{"line":133,"column":2},"end":{"line":138,"column":3}},"type":"if","locations":[{"start":{"line":133,"column":2},"end":{"line":138,"column":3}},{"start":{"line":136,"column":9},"end":{"line":138,"column":3}}],"line":133},"12":{"loc":{"start":{"line":163,"column":2},"end":{"line":168,"column":3}},"type":"if","locations":[{"start":{"line":163,"column":2},"end":{"line":168,"column":3}},{"start":{},"end":{}}],"line":163},"13":{"loc":{"start":{"line":163,"column":6},"end":{"line":163,"column":45}},"type":"binary-expr","locations":[{"start":{"line":163,"column":6},"end":{"line":163,"column":11}},{"start":{"line":163,"column":15},"end":{"line":163,"column":30}},{"start":{"line":163,"column":34},"end":{"line":163,"column":45}}],"line":163},"14":{"loc":{"start":{"line":170,"column":20},"end":{"line":172,"column":10}},"type":"cond-expr","locations":[{"start":{"line":171,"column":6},"end":{"line":171,"column":44}},{"start":{"line":172,"column":6},"end":{"line":172,"column":10}}],"line":170},"15":{"loc":{"start":{"line":182,"column":2},"end":{"line":187,"column":3}},"type":"if","locations":[{"start":{"line":182,"column":2},"end":{"line":187,"column":3}},{"start":{},"end":{}}],"line":182},"16":{"loc":{"start":{"line":204,"column":2},"end":{"line":209,"column":3}},"type":"if","locations":[{"start":{"line":204,"column":2},"end":{"line":209,"column":3}},{"start":{},"end":{}}],"line":204}},"s":{"0":3,"1":3,"2":3,"3":3,"4":0,"5":0,"6":0,"7":0,"8":0,"9":0,"10":0,"11":0,"12":0,"13":0,"14":0,"15":0,"16":0,"17":3,"18":0,"19":0,"20":0,"21":0,"22":0,"23":0,"24":0,"25":0,"26":0,"27":0,"28":0,"29":0,"30":0,"31":0,"32":0,"33":0,"34":0,"35":0,"36":0,"37":0,"38":0,"39":3,"40":0,"41":0,"42":0,"43":0,"44":0,"45":0,"46":0,"47":0,"48":0,"49":0,"50":3,"51":0,"52":0,"53":0,"54":0,"55":0,"56":0,"57":0,"58":0,"59":0,"60":0,"61":0,"62":0,"63":0,"64":3,"65":0,"66":0,"67":0,"68":0,"69":0,"70":0,"71":0},"f":{"0":0,"1":0,"2":0,"3":0,"4":0,"5":0},"b":{"0":[0,0],"1":[0,0,0],"2":[0,0],"3":[0,0],"4":[0,0],"5":[0],"6":[0],"7":[0,0],"8":[0,0],"9":[0,0],"10":[0,0],"11":[0,0],"12":[0,0],"13":[0,0,0],"14":[0,0],"15":[0,0],"16":[0,0]},"_coverageSchema":"1a1c01bbd47fc00a2c39e90264f33305004495a9","hash":"f73bb20ac31a1fbb2ce894833a284c7bbd1b92e1"}
,"C:\\Users\\agraw\\OneDrive\\Desktop\\Hospital\\hospital-backend\\src\\middleware\\authMiddleware.js": {"path":"C:\\Users\\agraw\\OneDrive\\Desktop\\Hospital\\hospital-backend\\src\\middleware\\authMiddleware.js","statementMap":{"0":{"start":{"line":1,"column":12},"end":{"line":1,"column":35}},"1":{"start":{"line":2,"column":18},"end":{"line":2,"column":48}},"2":{"start":{"line":3,"column":21},"end":{"line":3,"column":53}},"3":{"start":{"line":5,"column":0},"end":{"line":33,"column":3}},"4":{"start":{"line":8,"column":2},"end":{"line":13,"column":3}},"5":{"start":{"line":12,"column":4},"end":{"line":12,"column":52}},"6":{"start":{"line":15,"column":2},"end":{"line":19,"column":3}},"7":{"start":{"line":16,"column":18},"end":{"line":16,"column":45}},"8":{"start":{"line":17,"column":4},"end":{"line":17,"column":27}},"9":{"start":{"line":18,"column":4},"end":{"line":18,"column":16}},"10":{"start":{"line":21,"column":18},"end":{"line":21,"column":59}},"11":{"start":{"line":23,"column":15},"end":{"line":23,"column":51}},"12":{"start":{"line":25,"column":2},"end":{"line":29,"column":3}},"13":{"start":{"line":26,"column":18},"end":{"line":26,"column":45}},"14":{"start":{"line":27,"column":4},"end":{"line":27,"column":27}},"15":{"start":{"line":28,"column":4},"end":{"line":28,"column":16}},"16":{"start":{"line":31,"column":2},"end":{"line":31,"column":18}},"17":{"start":{"line":32,"column":2},"end":{"line":32,"column":9}},"18":{"start":{"line":36,"column":0},"end":{"line":45,"column":2}},"19":{"start":{"line":37,"column":2},"end":{"line":44,"column":4}},"20":{"start":{"line":38,"column":4},"end":{"line":42,"column":5}},"21":{"start":{"line":39,"column":20},"end":{"line":39,"column":46}},"22":{"start":{"line":40,"column":6},"end":{"line":40,"column":29}},"23":{"start":{"line":41,"column":6},"end":{"line":41,"column":18}},"24":{"start":{"line":43,"column":4},"end":{"line":43,"column":11}}},"fnMap":{"0":{"name":"(anonymous_0)","decl":{"start":{"line":5,"column":31},"end":{"line":5,"column":32}},"loc":{"start":{"line":5,"column":57},"end":{"line":33,"column":1}},"line":5},"1":{"name":"(anonymous_1)","decl":{"start":{"line":36,"column":20},"end":{"line":36,"column":21}},"loc":{"start":{"line":36,"column":34},"end":{"line":45,"column":1}},"line":36},"2":{"name":"(anonymous_2)","decl":{"start":{"line":37,"column":9},"end":{"line":37,"column":10}},"loc":{"start":{"line":37,"column":29},"end":{"line":44,"column":3}},"line":37}},"branchMap":{"0":{"loc":{"start":{"line":8,"column":2},"end":{"line":13,"column":3}},"type":"if","locations":[{"start":{"line":8,"column":2},"end":{"line":13,"column":3}},{"start":{},"end":{}}],"line":8},"1":{"loc":{"start":{"line":9,"column":4},"end":{"line":10,"column":50}},"type":"binary-expr","locations":[{"start":{"line":9,"column":4},"end":{"line":9,"column":29}},{"start":{"line":10,"column":4},"end":{"line":10,"column":50}}],"line":9},"2":{"loc":{"start":{"line":15,"column":2},"end":{"line":19,"column":3}},"type":"if","locations":[{"start":{"line":15,"column":2},"end":{"line":19,"column":3}},{"start":{},"end":{}}],"line":15},"3":{"loc":{"start":{"line":25,"column":2},"end":{"line":29,"column":3}},"type":"if","locations":[{"start":{"line":25,"column":2},"end":{"line":29,"column":3}},{"start":{},"end":{}}],"line":25},"4":{"loc":{"start":{"line":38,"column":4},"end":{"line":42,"column":5}},"type":"if","locations":[{"start":{"line":38,"column":4},"end":{"line":42,"column":5}},{"start":{},"end":{}}],"line":38}},"s":{"0":3,"1":3,"2":3,"3":3,"4":22,"5":0,"6":22,"7":22,"8":22,"9":22,"10":0,"11":0,"12":0,"13":0,"14":0,"15":0,"16":0,"17":0,"18":3,"19":15,"20":0,"21":0,"22":0,"23":0,"24":0},"f":{"0":22,"1":15,"2":0},"b":{"0":[0,22],"1":[22,0],"2":[22,0],"3":[0,0],"4":[0,0]},"_coverageSchema":"1a1c01bbd47fc00a2c39e90264f33305004495a9","hash":"001638e3548b504e7a450d35d814b8b1661b10e6"}
,"C:\\Users\\agraw\\OneDrive\\Desktop\\Hospital\\hospital-backend\\src\\middleware\\errorMiddleware.js": {"path":"C:\\Users\\agraw\\OneDrive\\Desktop\\Hospital\\hospital-backend\\src\\middleware\\errorMiddleware.js","statementMap":{"0":{"start":{"line":1,"column":21},"end":{"line":8,"column":1}},"1":{"start":{"line":4,"column":2},"end":{"line":7,"column":5}},"2":{"start":{"line":10,"column":0},"end":{"line":10,"column":30}}},"fnMap":{"0":{"name":"(anonymous_0)","decl":{"start":{"line":1,"column":21},"end":{"line":1,"column":22}},"loc":{"start":{"line":1,"column":46},"end":{"line":8,"column":1}},"line":1}},"branchMap":{"0":{"loc":{"start":{"line":4,"column":13},"end":{"line":4,"column":34}},"type":"binary-expr","locations":[{"start":{"line":4,"column":13},"end":{"line":4,"column":27}},{"start":{"line":4,"column":31},"end":{"line":4,"column":34}}],"line":4},"1":{"loc":{"start":{"line":6,"column":13},"end":{"line":6,"column":51}},"type":"binary-expr","locations":[{"start":{"line":6,"column":13},"end":{"line":6,"column":24}},{"start":{"line":6,"column":28},"end":{"line":6,"column":51}}],"line":6}},"s":{"0":3,"1":26,"2":3},"f":{"0":26},"b":{"0":[26,3],"1":[26,0]},"_coverageSchema":"1a1c01bbd47fc00a2c39e90264f33305004495a9","hash":"c223d84540e40e10770df69ef57bf9bf2f4f69a1"}
,"C:\\Users\\agraw\\OneDrive\\Desktop\\Hospital\\hospital-backend\\src\\middleware\\uploadMiddleware.js": {"path":"C:\\Users\\agraw\\OneDrive\\Desktop\\Hospital\\hospital-backend\\src\\middleware\\uploadMiddleware.js","statementMap":{"0":{"start":{"line":1,"column":15},"end":{"line":1,"column":32}},"1":{"start":{"line":2,"column":13},"end":{"line":2,"column":28}},"2":{"start":{"line":4,"column":16},"end":{"line":15,"column":2}},"3":{"start":{"line":6,"column":4},"end":{"line":6,"column":32}},"4":{"start":{"line":9,"column":22},"end":{"line":9,"column":60}},"5":{"start":{"line":11,"column":23},"end":{"line":11,"column":51}},"6":{"start":{"line":13,"column":4},"end":{"line":13,"column":25}},"7":{"start":{"line":17,"column":19},"end":{"line":23,"column":1}},"8":{"start":{"line":18,"column":2},"end":{"line":22,"column":3}},"9":{"start":{"line":19,"column":4},"end":{"line":19,"column":19}},"10":{"start":{"line":21,"column":4},"end":{"line":21,"column":57}},"11":{"start":{"line":25,"column":15},"end":{"line":29,"column":2}},"12":{"start":{"line":31,"column":0},"end":{"line":31,"column":24}}},"fnMap":{"0":{"name":"(anonymous_0)","decl":{"start":{"line":5,"column":15},"end":{"line":5,"column":16}},"loc":{"start":{"line":5,"column":40},"end":{"line":7,"column":3}},"line":5},"1":{"name":"(anonymous_1)","decl":{"start":{"line":8,"column":12},"end":{"line":8,"column":13}},"loc":{"start":{"line":8,"column":37},"end":{"line":14,"column":3}},"line":8},"2":{"name":"(anonymous_2)","decl":{"start":{"line":17,"column":19},"end":{"line":17,"column":20}},"loc":{"start":{"line":17,"column":38},"end":{"line":23,"column":1}},"line":17}},"branchMap":{"0":{"loc":{"start":{"line":18,"column":2},"end":{"line":22,"column":3}},"type":"if","locations":[{"start":{"line":18,"column":2},"end":{"line":22,"column":3}},{"start":{"line":20,"column":9},"end":{"line":22,"column":3}}],"line":18}},"s":{"0":3,"1":3,"2":3,"3":0,"4":0,"5":0,"6":0,"7":3,"8":0,"9":0,"10":0,"11":3,"12":3},"f":{"0":0,"1":0,"2":0},"b":{"0":[0,0]},"_coverageSchema":"1a1c01bbd47fc00a2c39e90264f33305004495a9","hash":"c19a1f7e24aa1be730ca44c1991d15e3c48fcaef"}
,"C:\\Users\\agraw\\OneDrive\\Desktop\\Hospital\\hospital-backend\\src\\models\\appointmentModel.js": {"path":"C:\\Users\\agraw\\OneDrive\\Desktop\\Hospital\\hospital-backend\\src\\models\\appointmentModel.js","statementMap":{"0":{"start":{"line":1,"column":0},"end":{"line":7,"column":2}},"1":{"start":{"line":2,"column":19},"end":{"line":5,"column":3}},"2":{"start":{"line":6,"column":2},"end":{"line":6,"column":25}},"3":{"start":{"line":9,"column":11},"end":{"line":9,"column":34}},"4":{"start":{"line":11,"column":0},"end":{"line":30,"column":2}},"5":{"start":{"line":12,"column":15},"end":{"line":27,"column":1}},"6":{"start":{"line":29,"column":0},"end":{"line":29,"column":12}}},"fnMap":{"0":{"name":"(anonymous_0)","decl":{"start":{"line":1,"column":17},"end":{"line":1,"column":18}},"loc":{"start":{"line":1,"column":77},"end":{"line":7,"column":1}},"line":1},"1":{"name":"(anonymous_1)","decl":{"start":{"line":11,"column":37},"end":{"line":11,"column":38}},"loc":{"start":{"line":11,"column":57},"end":{"line":30,"column":1}},"line":11}},"branchMap":{},"s":{"0":3,"1":0,"2":0,"3":3,"4":3,"5":0,"6":0},"f":{"0":0,"1":0},"b":{},"_coverageSchema":"1a1c01bbd47fc00a2c39e90264f33305004495a9","hash":"9e2964966747fe874b183166737f31c7ebf2d2d6"}
,"C:\\Users\\agraw\\OneDrive\\Desktop\\Hospital\\hospital-backend\\src\\models\\doctorModel.js": {"path":"C:\\Users\\agraw\\OneDrive\\Desktop\\Hospital\\hospital-backend\\src\\models\\doctorModel.js","statementMap":{"0":{"start":{"line":1,"column":11},"end":{"line":1,"column":34}},"1":{"start":{"line":3,"column":0},"end":{"line":11,"column":2}},"2":{"start":{"line":4,"column":17},"end":{"line":8,"column":4}},"3":{"start":{"line":10,"column":2},"end":{"line":10,"column":14}},"4":{"start":{"line":13,"column":0},"end":{"line":20,"column":2}},"5":{"start":{"line":14,"column":24},"end":{"line":17,"column":3}},"6":{"start":{"line":19,"column":2},"end":{"line":19,"column":15}},"7":{"start":{"line":22,"column":0},"end":{"line":26,"column":2}},"8":{"start":{"line":23,"column":17},"end":{"line":23,"column":75}},"9":{"start":{"line":25,"column":2},"end":{"line":25,"column":17}},"10":{"start":{"line":28,"column":0},"end":{"line":35,"column":2}},"11":{"start":{"line":29,"column":19},"end":{"line":32,"column":3}},"12":{"start":{"line":34,"column":2},"end":{"line":34,"column":25}},"13":{"start":{"line":37,"column":0},"end":{"line":44,"column":2}},"14":{"start":{"line":38,"column":19},"end":{"line":41,"column":3}},"15":{"start":{"line":43,"column":2},"end":{"line":43,"column":29}},"16":{"start":{"line":46,"column":0},"end":{"line":50,"column":2}},"17":{"start":{"line":47,"column":19},"end":{"line":47,"column":75}},"18":{"start":{"line":49,"column":2},"end":{"line":49,"column":29}},"19":{"start":{"line":52,"column":0},"end":{"line":59,"column":2}},"20":{"start":{"line":53,"column":15},"end":{"line":56,"column":1}},"21":{"start":{"line":58,"column":0},"end":{"line":58,"column":15}}},"fnMap":{"0":{"name":"(anonymous_0)","decl":{"start":{"line":3,"column":18},"end":{"line":3,"column":19}},"loc":{"start":{"line":3,"column":62},"end":{"line":11,"column":1}},"line":3},"1":{"name":"(anonymous_1)","decl":{"start":{"line":13,"column":19},"end":{"line":13,"column":20}},"loc":{"start":{"line":13,"column":48},"end":{"line":20,"column":1}},"line":13},"2":{"name":"(anonymous_2)","decl":{"start":{"line":22,"column":19},"end":{"line":22,"column":20}},"loc":{"start":{"line":22,"column":33},"end":{"line":26,"column":1}},"line":22},"3":{"name":"(anonymous_3)","decl":{"start":{"line":28,"column":17},"end":{"line":28,"column":18}},"loc":{"start":{"line":28,"column":72},"end":{"line":35,"column":1}},"line":28},"4":{"name":"(anonymous_4)","decl":{"start":{"line":37,"column":17},"end":{"line":37,"column":18}},"loc":{"start":{"line":37,"column":76},"end":{"line":44,"column":1}},"line":37},"5":{"name":"(anonymous_5)","decl":{"start":{"line":46,"column":17},"end":{"line":46,"column":18}},"loc":{"start":{"line":46,"column":31},"end":{"line":50,"column":1}},"line":46},"6":{"name":"(anonymous_6)","decl":{"start":{"line":52,"column":23},"end":{"line":52,"column":24}},"loc":{"start":{"line":52,"column":41},"end":{"line":59,"column":1}},"line":52}},"branchMap":{},"s":{"0":3,"1":3,"2":0,"3":0,"4":3,"5":0,"6":0,"7":3,"8":0,"9":0,"10":3,"11":0,"12":0,"13":3,"14":0,"15":0,"16":3,"17":0,"18":0,"19":3,"20":0,"21":0},"f":{"0":0,"1":0,"2":0,"3":0,"4":0,"5":0,"6":0},"b":{},"_coverageSchema":"1a1c01bbd47fc00a2c39e90264f33305004495a9","hash":"ab4f8710576421cdcfdcbe2fca10882193a79928"}
,"C:\\Users\\agraw\\OneDrive\\Desktop\\Hospital\\hospital-backend\\src\\models\\patientModel.js": {"path":"C:\\Users\\agraw\\OneDrive\\Desktop\\Hospital\\hospital-backend\\src\\models\\patientModel.js","statementMap":{"0":{"start":{"line":1,"column":11},"end":{"line":1,"column":34}},"1":{"start":{"line":3,"column":0},"end":{"line":9,"column":2}},"2":{"start":{"line":4,"column":19},"end":{"line":7,"column":3}},"3":{"start":{"line":8,"column":2},"end":{"line":8,"column":25}}},"fnMap":{"0":{"name":"(anonymous_0)","decl":{"start":{"line":3,"column":17},"end":{"line":3,"column":18}},"loc":{"start":{"line":3,"column":59},"end":{"line":9,"column":1}},"line":3}},"branchMap":{},"s":{"0":3,"1":3,"2":0,"3":0},"f":{"0":0},"b":{},"_coverageSchema":"1a1c01bbd47fc00a2c39e90264f33305004495a9","hash":"87eaf01650c25404b0fc1c23bdd1ee31ed545289"}
,"C:\\Users\\agraw\\OneDrive\\Desktop\\Hospital\\hospital-backend\\src\\models\\userModel.js": {"path":"C:\\Users\\agraw\\OneDrive\\Desktop\\Hospital\\hospital-backend\\src\\models\\userModel.js","statementMap":{"0":{"start":{"line":1,"column":11},"end":{"line":1,"column":34}},"1":{"start":{"line":3,"column":0},"end":{"line":6,"column":2}},"2":{"start":{"line":4,"column":17},"end":{"line":4,"column":79}},"3":{"start":{"line":5,"column":2},"end":{"line":5,"column":17}},"4":{"start":{"line":8,"column":0},"end":{"line":14,"column":2}},"5":{"start":{"line":9,"column":19},"end":{"line":12,"column":3}},"6":{"start":{"line":13,"column":2},"end":{"line":13,"column":25}},"7":{"start":{"line":16,"column":0},"end":{"line":22,"column":2}},"8":{"start":{"line":17,"column":17},"end":{"line":20,"column":3}},"9":{"start":{"line":21,"column":2},"end":{"line":21,"column":17}}},"fnMap":{"0":{"name":"(anonymous_0)","decl":{"start":{"line":3,"column":22},"end":{"line":3,"column":23}},"loc":{"start":{"line":3,"column":39},"end":{"line":6,"column":1}},"line":3},"1":{"name":"(anonymous_1)","decl":{"start":{"line":8,"column":17},"end":{"line":8,"column":18}},"loc":{"start":{"line":8,"column":62},"end":{"line":14,"column":1}},"line":8},"2":{"name":"(anonymous_2)","decl":{"start":{"line":16,"column":19},"end":{"line":16,"column":20}},"loc":{"start":{"line":16,"column":33},"end":{"line":22,"column":1}},"line":16}},"branchMap":{},"s":{"0":3,"1":3,"2":3,"3":0,"4":3,"5":0,"6":0,"7":3,"8":0,"9":0},"f":{"0":3,"1":0,"2":0},"b":{},"_coverageSchema":"1a1c01bbd47fc00a2c39e90264f33305004495a9","hash":"e94256bf83282202e540b7ca19c907fe751aa5c0"}
}
