TN:
SF:src\app.js
FN:23,(anonymous_0)
FN:28,(anonymous_1)
FNF:2
FNH:2
FNDA:1,(anonymous_0)
FNDA:1,(anonymous_1)
DA:1,3
DA:3,3
DA:4,3
DA:6,3
DA:7,3
DA:9,3
DA:11,3
DA:13,3
DA:14,3
DA:16,3
DA:17,3
DA:19,3
DA:21,3
DA:23,3
DA:24,1
DA:26,3
DA:28,3
DA:29,1
DA:30,1
DA:31,0
DA:33,1
DA:37,3
DA:39,3
DA:41,3
LF:24
LH:23
BRF:0
BRH:0
end_of_record
TN:
SF:src\controllers\appointmentController.js
FN:8,(anonymous_0)
FN:52,(anonymous_1)
FN:95,(anonymous_2)
FNF:3
FNH:3
FNDA:3,(anonymous_0)
FNDA:4,(anonymous_1)
FNDA:4,(anonymous_2)
DA:1,4
DA:2,4
DA:3,4
DA:4,4
DA:5,4
DA:8,4
DA:9,3
DA:11,3
DA:12,1
DA:13,1
DA:14,1
DA:17,2
DA:19,2
DA:20,2
DA:22,2
DA:24,1
DA:31,1
DA:33,1
DA:39,1
DA:40,1
DA:41,1
DA:46,0
DA:48,2
DA:52,4
DA:53,4
DA:54,4
DA:56,4
DA:57,1
DA:63,3
DA:68,3
DA:69,1
DA:75,2
DA:77,2
DA:78,1
DA:84,1
DA:89,1
DA:95,4
DA:98,4
DA:100,1
DA:113,1
DA:122,3
DA:124,2
DA:126,2
DA:127,1
DA:134,1
DA:136,1
DA:144,1
LF:47
LH:46
BRDA:11,0,0,1
BRDA:11,0,1,2
BRDA:11,1,0,3
BRDA:11,1,1,3
BRDA:11,1,2,2
BRDA:40,2,0,1
BRDA:40,2,1,0
BRDA:56,3,0,1
BRDA:56,3,1,3
BRDA:68,4,0,1
BRDA:68,4,1,2
BRDA:77,5,0,1
BRDA:77,5,1,1
BRDA:98,6,0,1
BRDA:98,6,1,3
BRDA:98,7,0,4
BRDA:98,7,1,3
BRDA:122,8,0,2
BRDA:122,8,1,1
BRDA:126,9,0,1
BRDA:126,9,1,1
BRF:21
BRH:20
end_of_record
TN:
SF:src\controllers\authController.js
FN:6,(anonymous_0)
FN:13,(anonymous_1)
FN:46,(anonymous_2)
FNF:3
FNH:3
FNDA:2,(anonymous_0)
FNDA:5,(anonymous_1)
FNDA:5,(anonymous_2)
DA:1,4
DA:2,4
DA:3,4
DA:4,4
DA:6,4
DA:7,2
DA:13,4
DA:14,5
DA:16,5
DA:17,2
DA:18,2
DA:19,2
DA:22,3
DA:23,2
DA:24,1
DA:25,1
DA:26,1
DA:29,1
DA:31,1
DA:38,1
DA:46,4
DA:47,5
DA:49,5
DA:50,3
DA:51,1
DA:52,1
DA:53,1
DA:56,2
DA:57,2
DA:58,1
DA:59,1
DA:60,1
DA:63,1
LF:33
LH:33
BRDA:16,0,0,2
BRDA:16,0,1,3
BRDA:16,1,0,5
BRDA:16,1,1,5
BRDA:16,1,2,3
BRDA:23,2,0,1
BRDA:23,2,1,1
BRDA:35,3,0,1
BRDA:35,3,1,0
BRDA:50,4,0,1
BRDA:50,4,1,2
BRDA:57,5,0,1
BRDA:57,5,1,1
BRF:13
BRH:12
end_of_record
TN:
SF:src\controllers\doctorController.js
FN:6,(anonymous_0)
FN:65,(anonymous_1)
FN:100,(anonymous_2)
FN:125,(anonymous_3)
FN:152,(anonymous_4)
FN:192,(anonymous_5)
FNF:6
FNH:6
FNDA:3,(anonymous_0)
FNDA:1,(anonymous_1)
FNDA:2,(anonymous_2)
FNDA:2,(anonymous_3)
FNDA:3,(anonymous_4)
FNDA:2,(anonymous_5)
DA:1,4
DA:2,4
DA:4,4
DA:6,4
DA:8,3
DA:10,3
DA:11,1
DA:12,1
DA:13,1
DA:16,2
DA:18,2
DA:19,1
DA:20,1
DA:21,1
DA:24,1
DA:36,1
DA:44,1
DA:65,4
DA:66,1
DA:68,1
DA:69,1
DA:71,1
DA:73,1
DA:74,1
DA:76,1
DA:77,1
DA:78,1
DA:81,1
DA:82,1
DA:83,1
DA:97,1
DA:98,1
DA:100,1
DA:101,2
DA:103,2
DA:104,1
DA:106,1
DA:109,2
DA:115,1
DA:125,4
DA:126,2
DA:128,2
DA:129,1
DA:130,1
DA:131,1
DA:134,1
DA:135,1
DA:136,1
DA:138,0
DA:141,1
DA:152,4
DA:154,3
DA:155,3
DA:157,3
DA:158,1
DA:159,1
DA:160,1
DA:163,2
DA:167,2
DA:176,2
DA:178,1
DA:179,1
DA:180,1
DA:185,1
DA:192,4
DA:194,2
DA:196,2
DA:198,2
DA:200,1
DA:201,1
DA:202,1
DA:205,1
LF:72
LH:71
BRDA:10,0,0,1
BRDA:10,0,1,2
BRDA:10,1,0,3
BRDA:10,1,1,3
BRDA:10,1,2,2
BRDA:10,1,3,2
BRDA:18,2,0,1
BRDA:18,2,1,1
BRDA:18,3,0,2
BRDA:18,3,1,2
BRDA:24,4,0,1
BRDA:24,4,1,0
BRDA:66,5,0,0
BRDA:66,6,0,0
BRDA:76,7,0,1
BRDA:76,7,1,0
BRDA:81,8,0,1
BRDA:81,8,1,0
BRDA:103,9,0,1
BRDA:103,9,1,1
BRDA:128,10,0,1
BRDA:128,10,1,1
BRDA:134,11,0,1
BRDA:134,11,1,0
BRDA:157,12,0,1
BRDA:157,12,1,2
BRDA:157,13,0,3
BRDA:157,13,1,3
BRDA:157,13,2,2
BRDA:157,13,3,2
BRDA:163,14,0,1
BRDA:163,14,1,1
BRDA:176,15,0,1
BRDA:176,15,1,1
BRDA:198,16,0,1
BRDA:198,16,1,1
BRF:36
BRH:30
end_of_record
TN:
SF:src\controllers\paymentController.js
FN:8,(anonymous_0)
FN:20,(anonymous_1)
FN:69,(anonymous_2)
FN:111,(anonymous_3)
FNF:4
FNH:4
FNDA:4,(anonymous_0)
FNDA:4,(anonymous_1)
FNDA:1,(anonymous_2)
FNDA:4,(anonymous_3)
DA:1,4
DA:2,4
DA:3,4
DA:4,4
DA:5,4
DA:8,4
DA:9,4
DA:17,4
DA:20,4
DA:21,4
DA:23,4
DA:24,1
DA:25,1
DA:26,1
DA:29,3
DA:31,3
DA:32,1
DA:33,1
DA:34,1
DA:37,2
DA:38,1
DA:39,1
DA:40,1
DA:43,1
DA:64,1
DA:66,1
DA:69,4
DA:70,1
DA:72,1
DA:73,0
DA:74,0
DA:75,0
DA:78,1
DA:80,1
DA:81,0
DA:82,0
DA:83,0
DA:86,1
DA:87,0
DA:88,0
DA:89,0
DA:92,1
DA:97,1
DA:103,1
DA:106,1
DA:108,1
DA:111,4
DA:112,4
DA:114,4
DA:115,1
DA:116,1
DA:117,1
DA:120,3
DA:121,2
DA:122,0
DA:123,0
DA:124,0
DA:127,2
DA:128,2
DA:133,2
DA:134,1
DA:135,1
DA:136,1
DA:140,1
DA:141,1
DA:144,1
DA:145,1
DA:146,0
DA:147,0
DA:148,0
DA:151,1
DA:153,1
DA:154,0
DA:155,0
DA:156,0
DA:160,1
DA:161,1
DA:164,0
DA:165,0
DA:166,0
LF:80
LH:59
BRDA:1,0,0,4
BRDA:1,0,1,4
BRDA:23,1,0,1
BRDA:23,1,1,3
BRDA:31,2,0,1
BRDA:31,2,1,2
BRDA:37,3,0,1
BRDA:37,3,1,1
BRDA:72,4,0,0
BRDA:72,4,1,1
BRDA:80,5,0,0
BRDA:80,5,1,1
BRDA:86,6,0,0
BRDA:86,6,1,1
BRDA:114,7,0,1
BRDA:114,7,1,3
BRDA:114,8,0,4
BRDA:114,8,1,4
BRDA:120,9,0,2
BRDA:120,9,1,1
BRDA:121,10,0,0
BRDA:121,10,1,2
BRDA:121,11,0,2
BRDA:121,11,1,2
BRDA:121,11,2,2
BRDA:133,12,0,1
BRDA:133,12,1,1
BRDA:144,13,0,1
BRDA:144,13,1,0
BRDA:145,14,0,0
BRDA:145,14,1,1
BRDA:153,15,0,0
BRDA:153,15,1,1
BRF:33
BRH:26
end_of_record
TN:
SF:src\middleware\authMiddleware.js
FN:5,(anonymous_0)
FN:36,(anonymous_1)
FN:37,(anonymous_2)
FNF:3
FNH:3
FNDA:26,(anonymous_0)
FNDA:17,(anonymous_1)
FNDA:2,(anonymous_2)
DA:1,4
DA:2,4
DA:3,4
DA:5,4
DA:8,26
DA:12,3
DA:15,26
DA:16,23
DA:17,23
DA:18,23
DA:21,3
DA:23,2
DA:25,2
DA:26,1
DA:27,1
DA:28,1
DA:31,1
DA:32,1
DA:36,4
DA:37,17
DA:38,2
DA:39,1
DA:40,1
DA:41,1
DA:43,1
LF:25
LH:25
BRDA:8,0,0,3
BRDA:8,0,1,23
BRDA:9,1,0,26
BRDA:9,1,1,3
BRDA:15,2,0,23
BRDA:15,2,1,3
BRDA:25,3,0,1
BRDA:25,3,1,1
BRDA:38,4,0,1
BRDA:38,4,1,1
BRF:10
BRH:10
end_of_record
TN:
SF:src\middleware\errorMiddleware.js
FN:1,(anonymous_0)
FNF:1
FNH:1
FNDA:26,(anonymous_0)
DA:1,3
DA:4,26
DA:10,3
LF:3
LH:3
BRDA:4,0,0,26
BRDA:4,0,1,3
BRDA:6,1,0,26
BRDA:6,1,1,0
BRF:4
BRH:3
end_of_record
TN:
SF:src\middleware\uploadMiddleware.js
FN:5,(anonymous_0)
FN:8,(anonymous_1)
FN:17,(anonymous_2)
FNF:3
FNH:3
FNDA:1,(anonymous_0)
FNDA:1,(anonymous_1)
FNDA:2,(anonymous_2)
DA:1,4
DA:2,4
DA:4,4
DA:6,1
DA:9,1
DA:11,1
DA:13,1
DA:17,4
DA:18,2
DA:19,1
DA:21,1
DA:25,4
DA:31,4
LF:13
LH:13
BRDA:18,0,0,1
BRDA:18,0,1,1
BRF:2
BRH:2
end_of_record
TN:
SF:src\models\appointmentModel.js
FN:1,(anonymous_0)
FN:11,(anonymous_1)
FNF:2
FNH:2
FNDA:1,(anonymous_0)
FNDA:1,(anonymous_1)
DA:1,5
DA:2,1
DA:6,1
DA:9,5
DA:11,5
DA:12,1
DA:29,1
LF:7
LH:7
BRF:0
BRH:0
end_of_record
TN:
SF:src\models\doctorModel.js
FN:3,(anonymous_0)
FN:13,(anonymous_1)
FN:22,(anonymous_2)
FN:28,(anonymous_3)
FN:37,(anonymous_4)
FN:46,(anonymous_5)
FN:52,(anonymous_6)
FNF:7
FNH:7
FNDA:1,(anonymous_0)
FNDA:1,(anonymous_1)
FNDA:1,(anonymous_2)
FNDA:1,(anonymous_3)
FNDA:1,(anonymous_4)
FNDA:1,(anonymous_5)
FNDA:1,(anonymous_6)
DA:1,6
DA:3,6
DA:4,1
DA:10,1
DA:13,6
DA:14,1
DA:19,1
DA:22,6
DA:23,1
DA:25,1
DA:28,6
DA:29,1
DA:34,1
DA:37,6
DA:38,1
DA:43,1
DA:46,6
DA:47,1
DA:49,1
DA:52,6
DA:53,1
DA:58,1
LF:22
LH:22
BRDA:31,0,0,1
BRDA:31,0,1,0
BRDA:40,1,0,1
BRDA:40,1,1,0
BRF:4
BRH:2
end_of_record
TN:
SF:src\models\patientModel.js
FN:3,(anonymous_0)
FNF:1
FNH:1
FNDA:1,(anonymous_0)
DA:1,5
DA:3,5
DA:4,1
DA:8,1
LF:4
LH:4
BRF:0
BRH:0
end_of_record
TN:
SF:src\models\userModel.js
FN:3,(anonymous_0)
FN:8,(anonymous_1)
FN:16,(anonymous_2)
FNF:3
FNH:3
FNDA:5,(anonymous_0)
FNDA:1,(anonymous_1)
FNDA:1,(anonymous_2)
DA:1,6
DA:3,6
DA:4,5
DA:5,2
DA:8,6
DA:9,1
DA:13,1
DA:16,6
DA:17,1
DA:21,1
LF:10
LH:10
BRF:0
BRH:0
end_of_record
