TN:
SF:src\app.js
FN:21,(anonymous_0)
FN:26,(anonymous_1)
FNF:2
FNH:2
FNDA:1,(anonymous_0)
FNDA:1,(anonymous_1)
DA:1,3
DA:3,3
DA:4,3
DA:6,3
DA:7,3
DA:9,3
DA:11,3
DA:13,3
DA:15,3
DA:17,3
DA:19,3
DA:21,3
DA:22,1
DA:24,3
DA:26,3
DA:27,1
DA:28,1
DA:29,0
DA:31,1
DA:35,3
DA:37,3
DA:39,3
LF:22
LH:21
BRF:0
BRH:0
end_of_record
TN:
SF:src\controllers\appointmentController.js
FN:8,(anonymous_0)
FN:52,(anonymous_1)
FN:95,(anonymous_2)
FNF:3
FNH:0
FNDA:0,(anonymous_0)
FNDA:0,(anonymous_1)
FNDA:0,(anonymous_2)
DA:1,3
DA:2,3
DA:3,3
DA:4,3
DA:5,3
DA:8,3
DA:9,0
DA:11,0
DA:12,0
DA:13,0
DA:14,0
DA:17,0
DA:19,0
DA:20,0
DA:22,0
DA:24,0
DA:31,0
DA:33,0
DA:39,0
DA:40,0
DA:41,0
DA:46,0
DA:48,0
DA:52,3
DA:53,0
DA:54,0
DA:56,0
DA:57,0
DA:63,0
DA:68,0
DA:69,0
DA:75,0
DA:77,0
DA:78,0
DA:84,0
DA:89,0
DA:95,3
DA:98,0
DA:100,0
DA:113,0
DA:122,0
DA:124,0
DA:126,0
DA:127,0
DA:134,0
DA:136,0
DA:144,0
LF:47
LH:8
BRDA:11,0,0,0
BRDA:11,0,1,0
BRDA:11,1,0,0
BRDA:11,1,1,0
BRDA:11,1,2,0
BRDA:40,2,0,0
BRDA:40,2,1,0
BRDA:56,3,0,0
BRDA:56,3,1,0
BRDA:68,4,0,0
BRDA:68,4,1,0
BRDA:77,5,0,0
BRDA:77,5,1,0
BRDA:98,6,0,0
BRDA:98,6,1,0
BRDA:98,7,0,0
BRDA:98,7,1,0
BRDA:122,8,0,0
BRDA:122,8,1,0
BRDA:126,9,0,0
BRDA:126,9,1,0
BRF:21
BRH:0
end_of_record
TN:
SF:src\controllers\authController.js
FN:6,(anonymous_0)
FN:13,(anonymous_1)
FN:46,(anonymous_2)
FNF:3
FNH:2
FNDA:0,(anonymous_0)
FNDA:2,(anonymous_1)
FNDA:2,(anonymous_2)
DA:1,3
DA:2,3
DA:3,3
DA:4,3
DA:6,3
DA:7,0
DA:13,3
DA:14,2
DA:16,2
DA:17,1
DA:18,1
DA:19,1
DA:22,1
DA:23,0
DA:24,0
DA:25,0
DA:26,0
DA:29,0
DA:31,0
DA:38,0
DA:46,3
DA:47,2
DA:49,2
DA:50,0
DA:51,0
DA:52,0
DA:53,0
DA:56,0
DA:57,0
DA:58,0
DA:59,0
DA:60,0
DA:63,0
LF:33
LH:15
BRDA:16,0,0,1
BRDA:16,0,1,1
BRDA:16,1,0,2
BRDA:16,1,1,2
BRDA:16,1,2,1
BRDA:23,2,0,0
BRDA:23,2,1,0
BRDA:35,3,0,0
BRDA:35,3,1,0
BRDA:50,4,0,0
BRDA:50,4,1,0
BRDA:57,5,0,0
BRDA:57,5,1,0
BRF:13
BRH:5
end_of_record
TN:
SF:src\controllers\doctorController.js
FN:6,(anonymous_0)
FN:64,(anonymous_1)
FN:99,(anonymous_2)
FN:124,(anonymous_3)
FN:151,(anonymous_4)
FN:198,(anonymous_5)
FNF:6
FNH:0
FNDA:0,(anonymous_0)
FNDA:0,(anonymous_1)
FNDA:0,(anonymous_2)
FNDA:0,(anonymous_3)
FNDA:0,(anonymous_4)
FNDA:0,(anonymous_5)
DA:1,3
DA:2,3
DA:4,3
DA:6,3
DA:8,0
DA:10,0
DA:11,0
DA:12,0
DA:13,0
DA:16,0
DA:18,0
DA:19,0
DA:20,0
DA:21,0
DA:24,0
DA:36,0
DA:43,0
DA:64,3
DA:65,0
DA:67,0
DA:68,0
DA:70,0
DA:72,0
DA:73,0
DA:75,0
DA:76,0
DA:77,0
DA:80,0
DA:81,0
DA:82,0
DA:96,0
DA:97,0
DA:99,0
DA:100,0
DA:102,0
DA:103,0
DA:105,0
DA:108,0
DA:114,0
DA:124,3
DA:125,0
DA:127,0
DA:128,0
DA:129,0
DA:130,0
DA:133,0
DA:134,0
DA:135,0
DA:137,0
DA:140,0
DA:151,3
DA:153,0
DA:154,0
DA:163,0
DA:165,0
DA:166,0
DA:167,0
DA:170,0
DA:174,0
DA:182,0
DA:184,0
DA:185,0
DA:186,0
DA:191,0
DA:198,3
DA:200,0
DA:202,0
DA:204,0
DA:206,0
DA:207,0
DA:208,0
DA:211,0
LF:72
LH:8
BRDA:10,0,0,0
BRDA:10,0,1,0
BRDA:10,1,0,0
BRDA:10,1,1,0
BRDA:10,1,2,0
BRDA:18,2,0,0
BRDA:18,2,1,0
BRDA:18,3,0,0
BRDA:18,3,1,0
BRDA:24,4,0,0
BRDA:24,4,1,0
BRDA:65,5,0,0
BRDA:65,6,0,0
BRDA:75,7,0,0
BRDA:75,7,1,0
BRDA:80,8,0,0
BRDA:80,8,1,0
BRDA:102,9,0,0
BRDA:102,9,1,0
BRDA:127,10,0,0
BRDA:127,10,1,0
BRDA:133,11,0,0
BRDA:133,11,1,0
BRDA:163,12,0,0
BRDA:163,12,1,0
BRDA:163,13,0,0
BRDA:163,13,1,0
BRDA:163,13,2,0
BRDA:170,14,0,0
BRDA:170,14,1,0
BRDA:182,15,0,0
BRDA:182,15,1,0
BRDA:204,16,0,0
BRDA:204,16,1,0
BRF:34
BRH:0
end_of_record
TN:
SF:src\middleware\authMiddleware.js
FN:5,(anonymous_0)
FN:36,(anonymous_1)
FN:37,(anonymous_2)
FNF:3
FNH:2
FNDA:22,(anonymous_0)
FNDA:15,(anonymous_1)
FNDA:0,(anonymous_2)
DA:1,3
DA:2,3
DA:3,3
DA:5,3
DA:8,22
DA:12,0
DA:15,22
DA:16,22
DA:17,22
DA:18,22
DA:21,0
DA:23,0
DA:25,0
DA:26,0
DA:27,0
DA:28,0
DA:31,0
DA:32,0
DA:36,3
DA:37,15
DA:38,0
DA:39,0
DA:40,0
DA:41,0
DA:43,0
LF:25
LH:11
BRDA:8,0,0,0
BRDA:8,0,1,22
BRDA:9,1,0,22
BRDA:9,1,1,0
BRDA:15,2,0,22
BRDA:15,2,1,0
BRDA:25,3,0,0
BRDA:25,3,1,0
BRDA:38,4,0,0
BRDA:38,4,1,0
BRF:10
BRH:3
end_of_record
TN:
SF:src\middleware\errorMiddleware.js
FN:1,(anonymous_0)
FNF:1
FNH:1
FNDA:26,(anonymous_0)
DA:1,3
DA:4,26
DA:10,3
LF:3
LH:3
BRDA:4,0,0,26
BRDA:4,0,1,3
BRDA:6,1,0,26
BRDA:6,1,1,0
BRF:4
BRH:3
end_of_record
TN:
SF:src\middleware\uploadMiddleware.js
FN:5,(anonymous_0)
FN:8,(anonymous_1)
FN:17,(anonymous_2)
FNF:3
FNH:0
FNDA:0,(anonymous_0)
FNDA:0,(anonymous_1)
FNDA:0,(anonymous_2)
DA:1,3
DA:2,3
DA:4,3
DA:6,0
DA:9,0
DA:11,0
DA:13,0
DA:17,3
DA:18,0
DA:19,0
DA:21,0
DA:25,3
DA:31,3
LF:13
LH:6
BRDA:18,0,0,0
BRDA:18,0,1,0
BRF:2
BRH:0
end_of_record
TN:
SF:src\models\appointmentModel.js
FN:1,(anonymous_0)
FN:11,(anonymous_1)
FNF:2
FNH:0
FNDA:0,(anonymous_0)
FNDA:0,(anonymous_1)
DA:1,3
DA:2,0
DA:6,0
DA:9,3
DA:11,3
DA:12,0
DA:29,0
LF:7
LH:3
BRF:0
BRH:0
end_of_record
TN:
SF:src\models\doctorModel.js
FN:3,(anonymous_0)
FN:13,(anonymous_1)
FN:22,(anonymous_2)
FN:28,(anonymous_3)
FN:37,(anonymous_4)
FN:46,(anonymous_5)
FN:52,(anonymous_6)
FNF:7
FNH:0
FNDA:0,(anonymous_0)
FNDA:0,(anonymous_1)
FNDA:0,(anonymous_2)
FNDA:0,(anonymous_3)
FNDA:0,(anonymous_4)
FNDA:0,(anonymous_5)
FNDA:0,(anonymous_6)
DA:1,3
DA:3,3
DA:4,0
DA:10,0
DA:13,3
DA:14,0
DA:19,0
DA:22,3
DA:23,0
DA:25,0
DA:28,3
DA:29,0
DA:34,0
DA:37,3
DA:38,0
DA:43,0
DA:46,3
DA:47,0
DA:49,0
DA:52,3
DA:53,0
DA:58,0
LF:22
LH:8
BRF:0
BRH:0
end_of_record
TN:
SF:src\models\patientModel.js
FN:3,(anonymous_0)
FNF:1
FNH:0
FNDA:0,(anonymous_0)
DA:1,3
DA:3,3
DA:4,0
DA:8,0
LF:4
LH:2
BRF:0
BRH:0
end_of_record
TN:
SF:src\models\userModel.js
FN:3,(anonymous_0)
FN:8,(anonymous_1)
FN:16,(anonymous_2)
FNF:3
FNH:1
FNDA:3,(anonymous_0)
FNDA:0,(anonymous_1)
FNDA:0,(anonymous_2)
DA:1,3
DA:3,3
DA:4,3
DA:5,0
DA:8,3
DA:9,0
DA:13,0
DA:16,3
DA:17,0
DA:21,0
LF:10
LH:5
BRF:0
BRH:0
end_of_record
